Queueing with overrides '{'params.yaml': ['mnist.lr=1', 'mnist.momentum=0.5']}'.
Queued experiment 'oaten-chiv' for future execution.
Queueing with overrides '{'params.yaml': ['mnist.lr=1', 'mnist.momentum=0.2']}'.
Queued experiment 'strip-wire' for future execution.
Queueing with overrides '{'params.yaml': ['mnist.lr=1', 'mnist.momentum=0.66']}'.
Queued experiment 'warty-here' for future execution.
Queueing with overrides '{'params.yaml': ['mnist.lr=5', 'mnist.momentum=0.5']}'.
Queued experiment 'apish-erns' for future execution.
Queueing with overrides '{'params.yaml': ['mnist.lr=5', 'mnist.momentum=0.2']}'.
Queued experiment 'comic-jags' for future execution.
Queueing with overrides '{'params.yaml': ['mnist.lr=5', 'mnist.momentum=0.66']}'.
Queued experiment 'hammy-yapp' for future execution.
Queueing with overrides '{'params.yaml': ['mnist.lr=1', 'mnist.momentum=0.5']}'.
Queued experiment 'genic-cant' for future execution.
Queueing with overrides '{'params.yaml': ['mnist.lr=1', 'mnist.momentum=0.2']}'.
Queued experiment 'wired-hogs' for future execution.
Queueing with overrides '{'params.yaml': ['mnist.lr=1', 'mnist.momentum=0.66']}'.
Queued experiment 'legal-rube' for future execution.
Queueing with overrides '{'params.yaml': ['mnist.lr=5', 'mnist.momentum=0.5']}'.
Queued experiment 'fizzy-meed' for future execution.
Queueing with overrides '{'params.yaml': ['mnist.lr=5', 'mnist.momentum=0.2']}'.
Queued experiment 'prize-mere' for future execution.
Queueing with overrides '{'params.yaml': ['mnist.lr=5', 'mnist.momentum=0.66']}'.
Queued experiment 'above-zest' for future execution.
Queueing with overrides '{'params.yaml': ['mnist.lr=1', 'mnist.momentum=0.5']}'.
Queued experiment 'slung-leak' for future execution.
Queueing with overrides '{'params.yaml': ['mnist.lr=1', 'mnist.momentum=0.2']}'.
Queued experiment 'treed-dona' for future execution.
Queueing with overrides '{'params.yaml': ['mnist.lr=1', 'mnist.momentum=0.66']}'.
Queued experiment 'raked-vows' for future execution.
Queueing with overrides '{'params.yaml': ['mnist.lr=5', 'mnist.momentum=0.5']}'.
Queued experiment 'utile-clog' for future execution.
Queueing with overrides '{'params.yaml': ['mnist.lr=5', 'mnist.momentum=0.2']}'.
Queued experiment 'herby-aits' for future execution.
Queueing with overrides '{'params.yaml': ['mnist.lr=5', 'mnist.momentum=0.66']}'.
Queued experiment 'girly-skis' for future execution.
